HelpDesk WebSocket Server started
WebSocket server running at 0.0.0.0:8080
New connection: 50
Message from 50: {"action":"subscribe","ticketId":"#004","user":"fernando.barbosa@spintos.pt"}
PHP Notice:  Indirect modification of overloaded property Ratchet\WebSocket\WsConnection::$ticketSubscriptions has no effect in C:\xampp\htdocs\infoexe\HelpDesk\ws-server.php on line 43

Notice: Indirect modification of overloaded property Ratchet\WebSocket\WsConnection::$ticketSubscriptions has no effect in C:\xampp\htdocs\infoexe\HelpDesk\ws-server.php on line 43
Client 50 subscribed to ticket #004
New connection: 83
Message from 83: {"action":"subscribe","ticketId":"#004","user":"fernando.barbosa@spintos.pt"}
PHP Notice:  Indirect modification of overloaded property Ratchet\WebSocket\WsConnection::$ticketSubscriptions has no effect in C:\xampp\htdocs\infoexe\HelpDesk\ws-server.php on line 43

Notice: Indirect modification of overloaded property Ratchet\WebSocket\WsConnection::$ticketSubscriptions has no effect in C:\xampp\htdocs\infoexe\HelpDesk\ws-server.php on line 43
Client 83 subscribed to ticket #004
New connection: 86
Message from 86: {"action":"subscribe","ticketId":"#004","user":"fernando.barbosa@spintos.pt"}
PHP Notice:  Indirect modification of overloaded property Ratchet\WebSocket\WsConnection::$ticketSubscriptions has no effect in C:\xampp\htdocs\infoexe\HelpDesk\ws-server.php on line 43

Notice: Indirect modification of overloaded property Ratchet\WebSocket\WsConnection::$ticketSubscriptions has no effect in C:\xampp\htdocs\infoexe\HelpDesk\ws-server.php on line 43
Client 86 subscribed to ticket #004
Connection 50 disconnected
Connection 83 disconnected
New connection: 89
Message from 89: {"action":"subscribe","ticketId":"#004","user":"fernando.barbosa@spintos.pt"}
PHP Notice:  Indirect modification of overloaded property Ratchet\WebSocket\WsConnection::$ticketSubscriptions has no effect in C:\xampp\htdocs\infoexe\HelpDesk\ws-server.php on line 43

Notice: Indirect modification of overloaded property Ratchet\WebSocket\WsConnection::$ticketSubscriptions has no effect in C:\xampp\htdocs\infoexe\HelpDesk\ws-server.php on line 43
Client 89 subscribed to ticket #004
Connection 89 disconnected
New connection: 93
Message from 93: {"action":"subscribe","ticketId":"#004","user":"fernando.barbosa@spintos.pt"}
PHP Notice:  Indirect modification of overloaded property Ratchet\WebSocket\WsConnection::$ticketSubscriptions has no effect in C:\xampp\htdocs\infoexe\HelpDesk\ws-server.php on line 43

Notice: Indirect modification of overloaded property Ratchet\WebSocket\WsConnection::$ticketSubscriptions has no effect in C:\xampp\htdocs\infoexe\HelpDesk\ws-server.php on line 43
Client 93 subscribed to ticket #004
Connection 93 disconnected
Connection 86 disconnected
New connection: 97
Message from 97: {"action":"subscribe","ticketId":"#004","user":"fernando.barbosa@spintos.pt"}
PHP Notice:  Indirect modification of overloaded property Ratchet\WebSocket\WsConnection::$ticketSubscriptions has no effect in C:\xampp\htdocs\infoexe\HelpDesk\ws-server.php on line 43

Notice: Indirect modification of overloaded property Ratchet\WebSocket\WsConnection::$ticketSubscriptions has no effect in C:\xampp\htdocs\infoexe\HelpDesk\ws-server.php on line 43
Client 97 subscribed to ticket #004
New connection: 100
Message from 100: {"action":"subscribe","ticketId":"#004","user":"fernando.barbosa@spintos.pt"}
PHP Notice:  Indirect modification of overloaded property Ratchet\WebSocket\WsConnection::$ticketSubscriptions has no effect in C:\xampp\htdocs\infoexe\HelpDesk\ws-server.php on line 43

Notice: Indirect modification of overloaded property Ratchet\WebSocket\WsConnection::$ticketSubscriptions has no effect in C:\xampp\htdocs\infoexe\HelpDesk\ws-server.php on line 43
Client 100 subscribed to ticket #004
Connection 100 disconnected
New connection: 104
Message from 104: {"action":"subscribe","ticketId":"#004","user":"fernando.barbosa@spintos.pt"}
PHP Notice:  Indirect modification of overloaded property Ratchet\WebSocket\WsConnection::$ticketSubscriptions has no effect in C:\xampp\htdocs\infoexe\HelpDesk\ws-server.php on line 43

Notice: Indirect modification of overloaded property Ratchet\WebSocket\WsConnection::$ticketSubscriptions has no effect in C:\xampp\htdocs\infoexe\HelpDesk\ws-server.php on line 43
Client 104 subscribed to ticket #004
Connection 104 disconnected
Connection 97 disconnected
New connection: 107
Message from 107: {"action":"subscribe","ticketId":"#004","user":"fernando.barbosa@spintos.pt"}
PHP Notice:  Indirect modification of overloaded property Ratchet\WebSocket\WsConnection::$ticketSubscriptions has no effect in C:\xampp\htdocs\infoexe\HelpDesk\ws-server.php on line 43

Notice: Indirect modification of overloaded property Ratchet\WebSocket\WsConnection::$ticketSubscriptions has no effect in C:\xampp\htdocs\infoexe\HelpDesk\ws-server.php on line 43
Client 107 subscribed to ticket #004
Connection 107 disconnected
New connection: 111
Message from 111: {"action":"subscribe","ticketId":"#004","user":"fernando.barbosa@spintos.pt"}
PHP Notice:  Indirect modification of overloaded property Ratchet\WebSocket\WsConnection::$ticketSubscriptions has no effect in C:\xampp\htdocs\infoexe\HelpDesk\ws-server.php on line 43

Notice: Indirect modification of overloaded property Ratchet\WebSocket\WsConnection::$ticketSubscriptions has no effect in C:\xampp\htdocs\infoexe\HelpDesk\ws-server.php on line 43
Client 111 subscribed to ticket #004
Connection 111 disconnected
New connection: 114
Message from 114: {"action":"subscribe","ticketId":"#004","user":"fernando.barbosa@spintos.pt"}
PHP Notice:  Indirect modification of overloaded property Ratchet\WebSocket\WsConnection::$ticketSubscriptions has no effect in C:\xampp\htdocs\infoexe\HelpDesk\ws-server.php on line 43

Notice: Indirect modification of overloaded property Ratchet\WebSocket\WsConnection::$ticketSubscriptions has no effect in C:\xampp\htdocs\infoexe\HelpDesk\ws-server.php on line 43
Client 114 subscribed to ticket #004
Connection 114 disconnected
New connection: 118
Message from 118: {"action":"subscribe","ticketId":"#004","user":"fernando.barbosa@spintos.pt"}
PHP Notice:  Indirect modification of overloaded property Ratchet\WebSocket\WsConnection::$ticketSubscriptions has no effect in C:\xampp\htdocs\infoexe\HelpDesk\ws-server.php on line 43

Notice: Indirect modification of overloaded property Ratchet\WebSocket\WsConnection::$ticketSubscriptions has no effect in C:\xampp\htdocs\infoexe\HelpDesk\ws-server.php on line 43
Client 118 subscribed to ticket #004
New connection: 121
Message from 121: {"action":"subscribe","ticketId":"#004","user":"fernando.barbosa@spintos.pt"}
PHP Notice:  Indirect modification of overloaded property Ratchet\WebSocket\WsConnection::$ticketSubscriptions has no effect in C:\xampp\htdocs\infoexe\HelpDesk\ws-server.php on line 43

Notice: Indirect modification of overloaded property Ratchet\WebSocket\WsConnection::$ticketSubscriptions has no effect in C:\xampp\htdocs\infoexe\HelpDesk\ws-server.php on line 43
Client 121 subscribed to ticket #004
Connection 121 disconnected
New connection: 125
Message from 125: {"action":"subscribe","ticketId":"#004","user":"fernando.barbosa@spintos.pt"}
PHP Notice:  Indirect modification of overloaded property Ratchet\WebSocket\WsConnection::$ticketSubscriptions has no effect in C:\xampp\htdocs\infoexe\HelpDesk\ws-server.php on line 43

Notice: Indirect modification of overloaded property Ratchet\WebSocket\WsConnection::$ticketSubscriptions has no effect in C:\xampp\htdocs\infoexe\HelpDesk\ws-server.php on line 43
Client 125 subscribed to ticket #004
Connection 125 disconnected
New connection: 130
Message from 130: {"action":"subscribe","ticketId":"#004","user":"fernando.barbosa@spintos.pt"}
PHP Notice:  Indirect modification of overloaded property Ratchet\WebSocket\WsConnection::$ticketSubscriptions has no effect in C:\xampp\htdocs\infoexe\HelpDesk\ws-server.php on line 43

Notice: Indirect modification of overloaded property Ratchet\WebSocket\WsConnection::$ticketSubscriptions has no effect in C:\xampp\htdocs\infoexe\HelpDesk\ws-server.php on line 43
Client 130 subscribed to ticket #004
Connection 118 disconnected
New connection: 133
Message from 133: {"action":"subscribe","ticketId":"#004","user":"fernando.barbosa@spintos.pt"}
PHP Notice:  Indirect modification of overloaded property Ratchet\WebSocket\WsConnection::$ticketSubscriptions has no effect in C:\xampp\htdocs\infoexe\HelpDesk\ws-server.php on line 43

Notice: Indirect modification of overloaded property Ratchet\WebSocket\WsConnection::$ticketSubscriptions has no effect in C:\xampp\htdocs\infoexe\HelpDesk\ws-server.php on line 43
Client 133 subscribed to ticket #004
Connection 133 disconnected
New connection: 137
Message from 137: {"action":"subscribe","ticketId":"#004","user":"fernando.barbosa@spintos.pt"}
PHP Notice:  Indirect modification of overloaded property Ratchet\WebSocket\WsConnection::$ticketSubscriptions has no effect in C:\xampp\htdocs\infoexe\HelpDesk\ws-server.php on line 43

Notice: Indirect modification of overloaded property Ratchet\WebSocket\WsConnection::$ticketSubscriptions has no effect in C:\xampp\htdocs\infoexe\HelpDesk\ws-server.php on line 43
Client 137 subscribed to ticket #004
Connection 130 disconnected
New connection: 140
Message from 140: {"action":"subscribe","ticketId":"#004","user":"fernando.barbosa@spintos.pt"}
PHP Notice:  Indirect modification of overloaded property Ratchet\WebSocket\WsConnection::$ticketSubscriptions has no effect in C:\xampp\htdocs\infoexe\HelpDesk\ws-server.php on line 43

Notice: Indirect modification of overloaded property Ratchet\WebSocket\WsConnection::$ticketSubscriptions has no effect in C:\xampp\htdocs\infoexe\HelpDesk\ws-server.php on line 43
Client 140 subscribed to ticket #004
Connection 140 disconnected
Connection 137 disconnected
New connection: 143
Message from 143: {"action":"subscribe","ticketId":"#004","user":"fernando.barbosa@spintos.pt"}
PHP Notice:  Indirect modification of overloaded property Ratchet\WebSocket\WsConnection::$ticketSubscriptions has no effect in C:\xampp\htdocs\infoexe\HelpDesk\ws-server.php on line 43

Notice: Indirect modification of overloaded property Ratchet\WebSocket\WsConnection::$ticketSubscriptions has no effect in C:\xampp\htdocs\infoexe\HelpDesk\ws-server.php on line 43
Client 143 subscribed to ticket #004
New connection: 146
Message from 146: {"action":"subscribe","ticketId":"#004","user":"fernando.barbosa@spintos.pt"}
PHP Notice:  Indirect modification of overloaded property Ratchet\WebSocket\WsConnection::$ticketSubscriptions has no effect in C:\xampp\htdocs\infoexe\HelpDesk\ws-server.php on line 43

Notice: Indirect modification of overloaded property Ratchet\WebSocket\WsConnection::$ticketSubscriptions has no effect in C:\xampp\htdocs\infoexe\HelpDesk\ws-server.php on line 43
Client 146 subscribed to ticket #004
Connection 143 disconnected
Connection 146 disconnected
New connection: 150
Message from 150: {"action":"subscribe","ticketId":"#004","user":"fernando.barbosa@spintos.pt"}
PHP Notice:  Indirect modification of overloaded property Ratchet\WebSocket\WsConnection::$ticketSubscriptions has no effect in C:\xampp\htdocs\infoexe\HelpDesk\ws-server.php on line 43

Notice: Indirect modification of overloaded property Ratchet\WebSocket\WsConnection::$ticketSubscriptions has no effect in C:\xampp\htdocs\infoexe\HelpDesk\ws-server.php on line 43
Client 150 subscribed to ticket #004
New connection: 153
Message from 153: {"action":"subscribe","ticketId":"#004","user":"fernando.barbosa@spintos.pt"}
PHP Notice:  Indirect modification of overloaded property Ratchet\WebSocket\WsConnection::$ticketSubscriptions has no effect in C:\xampp\htdocs\infoexe\HelpDesk\ws-server.php on line 43

Notice: Indirect modification of overloaded property Ratchet\WebSocket\WsConnection::$ticketSubscriptions has no effect in C:\xampp\htdocs\infoexe\HelpDesk\ws-server.php on line 43
Client 153 subscribed to ticket #004
Connection 150 disconnected
New connection: 157
Message from 157: {"action":"subscribe","ticketId":"#004","user":"fernando.barbosa@spintos.pt"}
PHP Notice:  Indirect modification of overloaded property Ratchet\WebSocket\WsConnection::$ticketSubscriptions has no effect in C:\xampp\htdocs\infoexe\HelpDesk\ws-server.php on line 43

Notice: Indirect modification of overloaded property Ratchet\WebSocket\WsConnection::$ticketSubscriptions has no effect in C:\xampp\htdocs\infoexe\HelpDesk\ws-server.php on line 43
Client 157 subscribed to ticket #004
Message from 157: {"action":"ping","timestamp":1747673230753}
Message from 157: {"action":"ping","timestamp":1747673245549}
Connection 153 disconnected
Connection 157 disconnected
New connection: 161
Message from 161: {"action":"subscribe","ticketId":"#004","user":"fernando.barbosa@spintos.pt"}
PHP Notice:  Indirect modification of overloaded property Ratchet\WebSocket\WsConnection::$ticketSubscriptions has no effect in C:\xampp\htdocs\infoexe\HelpDesk\ws-server.php on line 43

Notice: Indirect modification of overloaded property Ratchet\WebSocket\WsConnection::$ticketSubscriptions has no effect in C:\xampp\htdocs\infoexe\HelpDesk\ws-server.php on line 43
Client 161 subscribed to ticket #004
Message from 161: {"action":"ping","timestamp":1747673266344}
New connection: 164
Message from 164: {"action":"subscribe","ticketId":"#004","user":"fernando.barbosa@spintos.pt"}
PHP Notice:  Indirect modification of overloaded property Ratchet\WebSocket\WsConnection::$ticketSubscriptions has no effect in C:\xampp\htdocs\infoexe\HelpDesk\ws-server.php on line 43

Notice: Indirect modification of overloaded property Ratchet\WebSocket\WsConnection::$ticketSubscriptions has no effect in C:\xampp\htdocs\infoexe\HelpDesk\ws-server.php on line 43
Client 164 subscribed to ticket #004
Message from 161: {"action":"ping","timestamp":1747673287842}
Message from 161: {"action":"ping","timestamp":1747673295833}
Message from 161: {"action":"ping","timestamp":1747673325843}
Message from 161: {"action":"ping","timestamp":1747673355857}
Connection 164 disconnected
Message from 161: {"action":"ping","timestamp":1747673371112}
Connection 161 disconnected
New connection: 169
Message from 169: {"action":"subscribe","ticketId":"#011","user":"fernando.barbosa@spintos.pt"}
PHP Notice:  Indirect modification of overloaded property Ratchet\WebSocket\WsConnection::$ticketSubscriptions has no effect in C:\xampp\htdocs\infoexe\HelpDesk\ws-server.php on line 43

Notice: Indirect modification of overloaded property Ratchet\WebSocket\WsConnection::$ticketSubscriptions has no effect in C:\xampp\htdocs\infoexe\HelpDesk\ws-server.php on line 43
Client 169 subscribed to ticket #011
Message from 169: {"action":"ping","timestamp":1747673472787}
Message from 169: {"action":"ping","timestamp":1747673502799}
Message from 169: {"action":"ping","timestamp":1747673532810}
Connection 169 disconnected
New connection: 174
Message from 174: {"action":"subscribe","ticketId":"#011","user":"fernando.barbosa@spintos.pt"}
PHP Notice:  Indirect modification of overloaded property Ratchet\WebSocket\WsConnection::$ticketSubscriptions has no effect in C:\xampp\htdocs\infoexe\HelpDesk\ws-server.php on line 43

Notice: Indirect modification of overloaded property Ratchet\WebSocket\WsConnection::$ticketSubscriptions has no effect in C:\xampp\htdocs\infoexe\HelpDesk\ws-server.php on line 43
Client 174 subscribed to ticket #011
Message from 174: {"action":"ping","timestamp":1747673638209}
Connection 174 disconnected
New connection: 179
Message from 179: {"action":"subscribe","ticketId":"#011","user":"fernando.barbosa@spintos.pt"}
PHP Notice:  Indirect modification of overloaded property Ratchet\WebSocket\WsConnection::$ticketSubscriptions has no effect in C:\xampp\htdocs\infoexe\HelpDesk\ws-server.php on line 43

Notice: Indirect modification of overloaded property Ratchet\WebSocket\WsConnection::$ticketSubscriptions has no effect in C:\xampp\htdocs\infoexe\HelpDesk\ws-server.php on line 43
Client 179 subscribed to ticket #011
New connection: 183
Message from 183: {"action":"subscribe","ticketId":"#011","user":"fernando.barbosa@spintos.pt"}
PHP Notice:  Indirect modification of overloaded property Ratchet\WebSocket\WsConnection::$ticketSubscriptions has no effect in C:\xampp\htdocs\infoexe\HelpDesk\ws-server.php on line 43

Notice: Indirect modification of overloaded property Ratchet\WebSocket\WsConnection::$ticketSubscriptions has no effect in C:\xampp\htdocs\infoexe\HelpDesk\ws-server.php on line 43
Client 183 subscribed to ticket #011
Message from 183: {"action":"ping","timestamp":1747673712805}
Connection 179 disconnected
Message from 183: {"action":"ping","timestamp":1747673742809}
Message from 183: {"action":"ping","timestamp":1747673772821}
Connection 183 disconnected
New connection: 187
Message from 187: {"action":"subscribe","ticketId":"#011","user":"fernando.barbosa@spintos.pt"}
PHP Notice:  Indirect modification of overloaded property Ratchet\WebSocket\WsConnection::$ticketSubscriptions has no effect in C:\xampp\htdocs\infoexe\HelpDesk\ws-server.php on line 43

Notice: Indirect modification of overloaded property Ratchet\WebSocket\WsConnection::$ticketSubscriptions has no effect in C:\xampp\htdocs\infoexe\HelpDesk\ws-server.php on line 43
Client 187 subscribed to ticket #011
Message from 187: {"action":"ping","timestamp":1747673817136}
New connection: 190
Message from 190: {"action":"subscribe","ticketId":"#011","user":"fernando.barbosa@spintos.pt"}
PHP Notice:  Indirect modification of overloaded property Ratchet\WebSocket\WsConnection::$ticketSubscriptions has no effect in C:\xampp\htdocs\infoexe\HelpDesk\ws-server.php on line 43

Notice: Indirect modification of overloaded property Ratchet\WebSocket\WsConnection::$ticketSubscriptions has no effect in C:\xampp\htdocs\infoexe\HelpDesk\ws-server.php on line 43
Client 190 subscribed to ticket #011
Connection 190 disconnected
New connection: 195
Message from 195: {"action":"subscribe","ticketId":"#011","user":"fernando.barbosa@spintos.pt"}
PHP Notice:  Indirect modification of overloaded property Ratchet\WebSocket\WsConnection::$ticketSubscriptions has no effect in C:\xampp\htdocs\infoexe\HelpDesk\ws-server.php on line 43

Notice: Indirect modification of overloaded property Ratchet\WebSocket\WsConnection::$ticketSubscriptions has no effect in C:\xampp\htdocs\infoexe\HelpDesk\ws-server.php on line 43
Client 195 subscribed to ticket #011
Message from 187: {"action":"ping","timestamp":1747673847149}
Message from 195: {"action":"ping","timestamp":1747673859432}
Message from 195: {"action":"ping","timestamp":1747673859438}
Message from 187: {"action":"ping","timestamp":1747673877150}
Message from 195: {"action":"ping","timestamp":1747673889431}
Message from 187: {"action":"ping","timestamp":1747673907158}
Message from 195: {"action":"ping","timestamp":1747673919432}
Message from 187: {"action":"ping","timestamp":1747673937173}
Message from 195: {"action":"ping","timestamp":1747673949433}
Message from 195: {"action":"ping","timestamp":1747673961677}
Message from 187: {"action":"ping","timestamp":1747673967182}
Message from 195: {"action":"ping","timestamp":1747673979434}
Message from 187: {"action":"ping","timestamp":1747673997187}
Connection 195 disconnected
Message from 187: {"action":"ping","timestamp":1747674027197}
Message from 187: {"action":"ping","timestamp":1747674057210}
New connection: 198
Message from 198: {"action":"subscribe","ticketId":"#011","user":"fernando.barbosa@spintos.pt"}
PHP Notice:  Indirect modification of overloaded property Ratchet\WebSocket\WsConnection::$ticketSubscriptions has no effect in C:\xampp\htdocs\infoexe\HelpDesk\ws-server.php on line 43

Notice: Indirect modification of overloaded property Ratchet\WebSocket\WsConnection::$ticketSubscriptions has no effect in C:\xampp\htdocs\infoexe\HelpDesk\ws-server.php on line 43
Client 198 subscribed to ticket #011
Message from 187: {"action":"ping","timestamp":1747674087220}
Message from 198: {"action":"ping","timestamp":1747674096826}
Message from 187: {"action":"ping","timestamp":1747674117227}
Connection 198 disconnected
Message from 187: {"action":"ping","timestamp":1747674147229}
Message from 187: {"action":"ping","timestamp":1747674177243}
Message from 187: {"action":"ping","timestamp":1747674207246}
Message from 187: {"action":"ping","timestamp":1747674237250}
Message from 187: {"action":"ping","timestamp":1747674267265}
Message from 187: {"action":"ping","timestamp":1747674297276}
Message from 187: {"action":"ping","timestamp":1747674327284}
Message from 187: {"action":"ping","timestamp":1747674357296}
Message from 187: {"action":"ping","timestamp":1747674387312}
Message from 187: {"action":"ping","timestamp":1747674417315}
Message from 187: {"action":"ping","timestamp":1747674447329}
Message from 187: {"action":"ping","timestamp":1747674477336}
Message from 187: {"action":"ping","timestamp":1747674507353}
Message from 187: {"action":"ping","timestamp":1747674537367}
Message from 187: {"action":"ping","timestamp":1747674567379}
Message from 187: {"action":"ping","timestamp":1747674597384}
Message from 187: {"action":"ping","timestamp":1747674627391}
Message from 187: {"action":"ping","timestamp":1747674657403}
Message from 187: {"action":"ping","timestamp":1747674687416}
Message from 187: {"action":"ping","timestamp":1747674717417}
Message from 187: {"action":"ping","timestamp":1747674747425}
Message from 187: {"action":"ping","timestamp":1747674777433}
Message from 187: {"action":"ping","timestamp":1747674807448}
Message from 187: {"action":"ping","timestamp":1747674837451}
Message from 187: {"action":"ping","timestamp":1747674867452}
Message from 187: {"action":"ping","timestamp":1747674897454}
Connection 187 disconnected
New connection: 201
Message from 201: {"action":"subscribe","ticketId":"#011","user":"fernando.barbosa@spintos.pt"}
PHP Notice:  Indirect modification of overloaded property Ratchet\WebSocket\WsConnection::$ticketSubscriptions has no effect in C:\xampp\htdocs\infoexe\HelpDesk\ws-server.php on line 43

Notice: Indirect modification of overloaded property Ratchet\WebSocket\WsConnection::$ticketSubscriptions has no effect in C:\xampp\htdocs\infoexe\HelpDesk\ws-server.php on line 43
Client 201 subscribed to ticket #011
Connection 201 disconnected
New connection: 204
Message from 204: {"action":"subscribe","ticketId":"#011","user":"fernando.barbosa@spintos.pt","deviceId":"device_phgejwjr71aubjzk539fwd"}
PHP Notice:  Indirect modification of overloaded property Ratchet\WebSocket\WsConnection::$ticketSubscriptions has no effect in C:\xampp\htdocs\infoexe\HelpDesk\ws-server.php on line 43

Notice: Indirect modification of overloaded property Ratchet\WebSocket\WsConnection::$ticketSubscriptions has no effect in C:\xampp\htdocs\infoexe\HelpDesk\ws-server.php on line 43
Client 204 subscribed to ticket #011
New connection: 207
Message from 207: {"action":"subscribe","ticketId":"#011","user":"fernando.barbosa@spintos.pt"}
PHP Notice:  Indirect modification of overloaded property Ratchet\WebSocket\WsConnection::$ticketSubscriptions has no effect in C:\xampp\htdocs\infoexe\HelpDesk\ws-server.php on line 43

Notice: Indirect modification of overloaded property Ratchet\WebSocket\WsConnection::$ticketSubscriptions has no effect in C:\xampp\htdocs\infoexe\HelpDesk\ws-server.php on line 43
Client 207 subscribed to ticket #011
Connection 207 disconnected
New connection: 211
Message from 211: {"action":"subscribe","ticketId":"#011","user":"fernando.barbosa@spintos.pt","deviceId":"device_5jkp5wcd88usk9ek6feh1"}
PHP Notice:  Indirect modification of overloaded property Ratchet\WebSocket\WsConnection::$ticketSubscriptions has no effect in C:\xampp\htdocs\infoexe\HelpDesk\ws-server.php on line 43

Notice: Indirect modification of overloaded property Ratchet\WebSocket\WsConnection::$ticketSubscriptions has no effect in C:\xampp\htdocs\infoexe\HelpDesk\ws-server.php on line 43
Client 211 subscribed to ticket #011
Message from 204: {"action":"ping","timestamp":1747674924918,"deviceId":"device_phgejwjr71aubjzk539fwd"}
Message from 211: {"action":"ping","timestamp":1747674932687,"deviceId":"device_5jkp5wcd88usk9ek6feh1"}
Message from 204: {"action":"ping","timestamp":1747674939919,"deviceId":"device_phgejwjr71aubjzk539fwd"}
Message from 211: {"action":"ping","timestamp":1747674947688,"deviceId":"device_5jkp5wcd88usk9ek6feh1"}
Message from 204: {"action":"ping","timestamp":1747674954920,"deviceId":"device_phgejwjr71aubjzk539fwd"}
Message from 211: {"action":"ping","timestamp":1747674962688,"deviceId":"device_5jkp5wcd88usk9ek6feh1"}
Message from 204: {"action":"ping","timestamp":1747674969935,"deviceId":"device_phgejwjr71aubjzk539fwd"}
Message from 211: {"action":"ping","timestamp":1747674977689,"deviceId":"device_5jkp5wcd88usk9ek6feh1"}
Message from 204: {"action":"ping","timestamp":1747674984936,"deviceId":"device_phgejwjr71aubjzk539fwd"}
Message from 211: {"action":"ping","timestamp":1747674992689,"deviceId":"device_5jkp5wcd88usk9ek6feh1"}
Message from 204: {"action":"ping","timestamp":1747674999948,"deviceId":"device_phgejwjr71aubjzk539fwd"}
Connection 211 disconnected
Message from 204: {"action":"ping","timestamp":1747675014962,"deviceId":"device_phgejwjr71aubjzk539fwd"}
Message from 204: {"action":"ping","timestamp":1747675029971,"deviceId":"device_phgejwjr71aubjzk539fwd"}
Message from 204: {"action":"ping","timestamp":1747675044982,"deviceId":"device_phgejwjr71aubjzk539fwd"}
Message from 204: {"action":"ping","timestamp":1747675059988,"deviceId":"device_phgejwjr71aubjzk539fwd"}
Connection 204 disconnected
New connection: 214
Message from 214: {"action":"subscribe","ticketId":"#011","user":"fernando.barbosa@spintos.pt","deviceId":"device_phgejwjr71aubjzk539fwd"}
PHP Notice:  Indirect modification of overloaded property Ratchet\WebSocket\WsConnection::$ticketSubscriptions has no effect in C:\xampp\htdocs\infoexe\HelpDesk\ws-server.php on line 43

Notice: Indirect modification of overloaded property Ratchet\WebSocket\WsConnection::$ticketSubscriptions has no effect in C:\xampp\htdocs\infoexe\HelpDesk\ws-server.php on line 43
Client 214 subscribed to ticket #011
Connection 214 disconnected
New connection: 217
Message from 217: {"action":"subscribe","ticketId":"#011","user":"fernando.barbosa@spintos.pt","deviceId":"device_phgejwjr71aubjzk539fwd"}
PHP Notice:  Indirect modification of overloaded property Ratchet\WebSocket\WsConnection::$ticketSubscriptions has no effect in C:\xampp\htdocs\infoexe\HelpDesk\ws-server.php on line 43

Notice: Indirect modification of overloaded property Ratchet\WebSocket\WsConnection::$ticketSubscriptions has no effect in C:\xampp\htdocs\infoexe\HelpDesk\ws-server.php on line 43
Client 217 subscribed to ticket #011
Connection 217 disconnected
New connection: 220
Message from 220: {"action":"subscribe","ticketId":"#011","user":"fernando.barbosa@spintos.pt","deviceId":"device_phgejwjr71aubjzk539fwd"}
PHP Notice:  Indirect modification of overloaded property Ratchet\WebSocket\WsConnection::$ticketSubscriptions has no effect in C:\xampp\htdocs\infoexe\HelpDesk\ws-server.php on line 43

Notice: Indirect modification of overloaded property Ratchet\WebSocket\WsConnection::$ticketSubscriptions has no effect in C:\xampp\htdocs\infoexe\HelpDesk\ws-server.php on line 43
Client 220 subscribed to ticket #011
Connection 220 disconnected
New connection: 223
Message from 223: {"action":"subscribe","ticketId":"#011","user":"fernando.barbosa@spintos.pt","deviceId":"device_phgejwjr71aubjzk539fwd"}
PHP Notice:  Indirect modification of overloaded property Ratchet\WebSocket\WsConnection::$ticketSubscriptions has no effect in C:\xampp\htdocs\infoexe\HelpDesk\ws-server.php on line 43

Notice: Indirect modification of overloaded property Ratchet\WebSocket\WsConnection::$ticketSubscriptions has no effect in C:\xampp\htdocs\infoexe\HelpDesk\ws-server.php on line 43
Client 223 subscribed to ticket #011
New connection: 226
Message from 226: {"action":"subscribe","ticketId":"#011","user":"fernando.barbosa@spintos.pt","deviceId":"device_5jkp5wcd88usk9ek6feh1"}
PHP Notice:  Indirect modification of overloaded property Ratchet\WebSocket\WsConnection::$ticketSubscriptions has no effect in C:\xampp\htdocs\infoexe\HelpDesk\ws-server.php on line 43

Notice: Indirect modification of overloaded property Ratchet\WebSocket\WsConnection::$ticketSubscriptions has no effect in C:\xampp\htdocs\infoexe\HelpDesk\ws-server.php on line 43
Client 226 subscribed to ticket #011
Message from 223: {"action":"ping","timestamp":1747675315421,"deviceId":"device_phgejwjr71aubjzk539fwd"}
Message from 226: {"action":"ping","timestamp":1747675323985,"deviceId":"device_5jkp5wcd88usk9ek6feh1"}
Message from 223: {"action":"ping","timestamp":1747675330435,"deviceId":"device_phgejwjr71aubjzk539fwd"}
Message from 226: {"action":"ping","timestamp":1747675338985,"deviceId":"device_5jkp5wcd88usk9ek6feh1"}
Message from 223: {"action":"ping","timestamp":1747675345442,"deviceId":"device_phgejwjr71aubjzk539fwd"}
Message from 226: {"action":"ping","timestamp":1747675353986,"deviceId":"device_5jkp5wcd88usk9ek6feh1"}
Message from 223: {"action":"ping","timestamp":1747675360457,"deviceId":"device_phgejwjr71aubjzk539fwd"}
Message from 226: {"action":"ping","timestamp":1747675368987,"deviceId":"device_5jkp5wcd88usk9ek6feh1"}
Message from 223: {"action":"ping","timestamp":1747675375472,"deviceId":"device_phgejwjr71aubjzk539fwd"}
Message from 223: {"action":"ping","timestamp":1747675390486,"deviceId":"device_phgejwjr71aubjzk539fwd"}
Connection 226 disconnected
Message from 223: {"action":"ping","timestamp":1747675405497,"deviceId":"device_phgejwjr71aubjzk539fwd"}
Message from 223: {"action":"ping","timestamp":1747675420501,"deviceId":"device_phgejwjr71aubjzk539fwd"}
Message from 223: {"action":"ping","timestamp":1747675435515,"deviceId":"device_phgejwjr71aubjzk539fwd"}
Message from 223: {"action":"ping","timestamp":1747675450516,"deviceId":"device_phgejwjr71aubjzk539fwd"}
Message from 223: {"action":"ping","timestamp":1747675465527,"deviceId":"device_phgejwjr71aubjzk539fwd"}
Message from 223: {"action":"ping","timestamp":1747675471700,"deviceId":"device_phgejwjr71aubjzk539fwd"}
Message from 223: {"action":"ping","timestamp":1747675477760,"deviceId":"device_phgejwjr71aubjzk539fwd"}
Message from 223: {"action":"ping","timestamp":1747675480548,"deviceId":"device_phgejwjr71aubjzk539fwd"}
Message from 223: {"action":"ping","timestamp":1747675495552,"deviceId":"device_phgejwjr71aubjzk539fwd"}
Message from 223: {"action":"ping","timestamp":1747675510563,"deviceId":"device_phgejwjr71aubjzk539fwd"}
Message from 223: {"action":"ping","timestamp":1747675525568,"deviceId":"device_phgejwjr71aubjzk539fwd"}
Message from 223: {"action":"ping","timestamp":1747675541842,"deviceId":"device_phgejwjr71aubjzk539fwd"}
Message from 223: {"action":"ping","timestamp":1747675541902,"deviceId":"device_phgejwjr71aubjzk539fwd"}
Message from 223: {"action":"ping","timestamp":1747675556848,"deviceId":"device_phgejwjr71aubjzk539fwd"}
Connection 223 disconnected
New connection: 229
Message from 229: {"action":"subscribe","ticketId":"#011","user":"fernando.barbosa@spintos.pt","deviceId":"device_phgejwjr71aubjzk539fwd"}
PHP Notice:  Indirect modification of overloaded property Ratchet\WebSocket\WsConnection::$ticketSubscriptions has no effect in C:\xampp\htdocs\infoexe\HelpDesk\ws-server.php on line 43

Notice: Indirect modification of overloaded property Ratchet\WebSocket\WsConnection::$ticketSubscriptions has no effect in C:\xampp\htdocs\infoexe\HelpDesk\ws-server.php on line 43
Client 229 subscribed to ticket #011
New connection: 232
Message from 232: {"action":"subscribe","ticketId":"#011","user":"fernando.barbosa@spintos.pt","deviceId":"device_5jkp5wcd88usk9ek6feh1"}
PHP Notice:  Indirect modification of overloaded property Ratchet\WebSocket\WsConnection::$ticketSubscriptions has no effect in C:\xampp\htdocs\infoexe\HelpDesk\ws-server.php on line 43

Notice: Indirect modification of overloaded property Ratchet\WebSocket\WsConnection::$ticketSubscriptions has no effect in C:\xampp\htdocs\infoexe\HelpDesk\ws-server.php on line 43
Client 232 subscribed to ticket #011
Message from 229: {"action":"ping","timestamp":1747675760866,"deviceId":"device_phgejwjr71aubjzk539fwd"}
Message from 232: {"action":"ping","timestamp":1747675765389,"deviceId":"device_5jkp5wcd88usk9ek6feh1"}
Message from 229: {"action":"ping","timestamp":1747675775875,"deviceId":"device_phgejwjr71aubjzk539fwd"}
Message from 232: {"action":"ping","timestamp":1747675780419,"deviceId":"device_5jkp5wcd88usk9ek6feh1"}
Message from 229: {"action":"ping","timestamp":1747675790881,"deviceId":"device_phgejwjr71aubjzk539fwd"}
Message from 232: {"action":"ping","timestamp":1747675795448,"deviceId":"device_5jkp5wcd88usk9ek6feh1"}
Message from 229: {"action":"ping","timestamp":1747675805886,"deviceId":"device_phgejwjr71aubjzk539fwd"}
Message from 232: {"action":"ping","timestamp":1747675810479,"deviceId":"device_5jkp5wcd88usk9ek6feh1"}
Message from 229: {"action":"ping","timestamp":1747675820891,"deviceId":"device_phgejwjr71aubjzk539fwd"}
Message from 232: {"action":"ping","timestamp":1747675825509,"deviceId":"device_5jkp5wcd88usk9ek6feh1"}
Connection 229 disconnected
Connection 232 disconnected
New connection: 235
Message from 235: {"action":"subscribe","ticketId":"#011","user":"fernando.barbosa@spintos.pt","deviceId":"device_5jkp5wcd88usk9ek6feh1"}
PHP Notice:  Indirect modification of overloaded property Ratchet\WebSocket\WsConnection::$ticketSubscriptions has no effect in C:\xampp\htdocs\infoexe\HelpDesk\ws-server.php on line 43

Notice: Indirect modification of overloaded property Ratchet\WebSocket\WsConnection::$ticketSubscriptions has no effect in C:\xampp\htdocs\infoexe\HelpDesk\ws-server.php on line 43
Client 235 subscribed to ticket #011
New connection: 238
Message from 238: {"action":"subscribe","ticketId":"#011","user":"fernando.barbosa@spintos.pt","deviceId":"device_phgejwjr71aubjzk539fwd"}
PHP Notice:  Indirect modification of overloaded property Ratchet\WebSocket\WsConnection::$ticketSubscriptions has no effect in C:\xampp\htdocs\infoexe\HelpDesk\ws-server.php on line 43

Notice: Indirect modification of overloaded property Ratchet\WebSocket\WsConnection::$ticketSubscriptions has no effect in C:\xampp\htdocs\infoexe\HelpDesk\ws-server.php on line 43
Client 238 subscribed to ticket #011
Message from 235: {"action":"ping","timestamp":1747676152255,"deviceId":"device_5jkp5wcd88usk9ek6feh1"}
Message from 238: {"action":"ping","timestamp":1747676158994,"deviceId":"device_phgejwjr71aubjzk539fwd"}
Message from 235: {"action":"ping","timestamp":1747676167255,"deviceId":"device_5jkp5wcd88usk9ek6feh1"}
Message from 238: {"action":"ping","timestamp":1747676174003,"deviceId":"device_phgejwjr71aubjzk539fwd"}
Message from 235: {"action":"ping","timestamp":1747676182256,"deviceId":"device_5jkp5wcd88usk9ek6feh1"}
Message from 238: {"action":"ping","timestamp":1747676189014,"deviceId":"device_phgejwjr71aubjzk539fwd"}
Message from 235: {"action":"ping","timestamp":1747676197258,"deviceId":"device_5jkp5wcd88usk9ek6feh1"}
Message from 238: {"action":"ping","timestamp":1747676204018,"deviceId":"device_phgejwjr71aubjzk539fwd"}
Connection 235 disconnected
New connection: 241
Message from 241: {"action":"subscribe","ticketId":"#011","user":"fernando.barbosa@spintos.pt","deviceId":"device_5jkp5wcd88usk9ek6feh1"}
PHP Notice:  Indirect modification of overloaded property Ratchet\WebSocket\WsConnection::$ticketSubscriptions has no effect in C:\xampp\htdocs\infoexe\HelpDesk\ws-server.php on line 43

Notice: Indirect modification of overloaded property Ratchet\WebSocket\WsConnection::$ticketSubscriptions has no effect in C:\xampp\htdocs\infoexe\HelpDesk\ws-server.php on line 43
Client 241 subscribed to ticket #011
Message from 238: {"action":"ping","timestamp":1747676219021,"deviceId":"device_phgejwjr71aubjzk539fwd"}
Message from 241: {"action":"ping","timestamp":1747676221530,"deviceId":"device_5jkp5wcd88usk9ek6feh1"}
Message from 238: {"action":"ping","timestamp":1747676234024,"deviceId":"device_phgejwjr71aubjzk539fwd"}
Message from 241: {"action":"ping","timestamp":1747676236527,"deviceId":"device_5jkp5wcd88usk9ek6feh1"}
Message from 238: {"action":"ping","timestamp":1747676249039,"deviceId":"device_phgejwjr71aubjzk539fwd"}
Message from 241: {"action":"ping","timestamp":1747676251529,"deviceId":"device_5jkp5wcd88usk9ek6feh1"}
Message from 238: {"action":"ping","timestamp":1747676264054,"deviceId":"device_phgejwjr71aubjzk539fwd"}
Message from 238: {"action":"ping","timestamp":1747676279068,"deviceId":"device_phgejwjr71aubjzk539fwd"}
Connection 241 disconnected
Message from 238: {"action":"ping","timestamp":1747676294075,"deviceId":"device_phgejwjr71aubjzk539fwd"}
Message from 238: {"action":"ping","timestamp":1747676309075,"deviceId":"device_phgejwjr71aubjzk539fwd"}
Message from 238: {"action":"ping","timestamp":1747676324076,"deviceId":"device_phgejwjr71aubjzk539fwd"}
Message from 238: {"action":"ping","timestamp":1747676339086,"deviceId":"device_phgejwjr71aubjzk539fwd"}
Message from 238: {"action":"ping","timestamp":1747676354091,"deviceId":"device_phgejwjr71aubjzk539fwd"}
Message from 238: {"action":"ping","timestamp":1747676369098,"deviceId":"device_phgejwjr71aubjzk539fwd"}
Message from 238: {"action":"ping","timestamp":1747676384118,"deviceId":"device_phgejwjr71aubjzk539fwd"}
Message from 238: {"action":"ping","timestamp":1747676399680,"deviceId":"device_phgejwjr71aubjzk539fwd"}
Message from 238: {"action":"ping","timestamp":1747676405640,"deviceId":"device_phgejwjr71aubjzk539fwd"}
Message from 238: {"action":"ping","timestamp":1747676411565,"deviceId":"device_phgejwjr71aubjzk539fwd"}
Message from 238: {"action":"ping","timestamp":1747676414684,"deviceId":"device_phgejwjr71aubjzk539fwd"}
Message from 238: {"action":"ping","timestamp":1747676429695,"deviceId":"device_phgejwjr71aubjzk539fwd"}
Message from 238: {"action":"ping","timestamp":1747676444695,"deviceId":"device_phgejwjr71aubjzk539fwd"}
Message from 238: {"action":"ping","timestamp":1747676459739,"deviceId":"device_phgejwjr71aubjzk539fwd"}
Connection 238 disconnected
New connection: 244
Message from 244: {"action":"subscribe","ticketId":"#011","user":"fernando.barbosa@spintos.pt","deviceId":"device_phgejwjr71aubjzk539fwd"}
PHP Notice:  Indirect modification of overloaded property Ratchet\WebSocket\WsConnection::$ticketSubscriptions has no effect in C:\xampp\htdocs\infoexe\HelpDesk\ws-server.php on line 43

Notice: Indirect modification of overloaded property Ratchet\WebSocket\WsConnection::$ticketSubscriptions has no effect in C:\xampp\htdocs\infoexe\HelpDesk\ws-server.php on line 43
Client 244 subscribed to ticket #011
Connection 244 disconnected
New connection: 247
Message from 247: {"action":"subscribe","ticketId":"#011","user":"fernando.barbosa@spintos.pt","deviceId":"device_phgejwjr71aubjzk539fwd"}
PHP Notice:  Indirect modification of overloaded property Ratchet\WebSocket\WsConnection::$ticketSubscriptions has no effect in C:\xampp\htdocs\infoexe\HelpDesk\ws-server.php on line 43

Notice: Indirect modification of overloaded property Ratchet\WebSocket\WsConnection::$ticketSubscriptions has no effect in C:\xampp\htdocs\infoexe\HelpDesk\ws-server.php on line 43
Client 247 subscribed to ticket #011
New connection: 250
Message from 250: {"action":"subscribe","ticketId":"#011","user":"fernando.barbosa@spintos.pt","deviceId":"device_5jkp5wcd88usk9ek6feh1"}
PHP Notice:  Indirect modification of overloaded property Ratchet\WebSocket\WsConnection::$ticketSubscriptions has no effect in C:\xampp\htdocs\infoexe\HelpDesk\ws-server.php on line 43

Notice: Indirect modification of overloaded property Ratchet\WebSocket\WsConnection::$ticketSubscriptions has no effect in C:\xampp\htdocs\infoexe\HelpDesk\ws-server.php on line 43
Client 250 subscribed to ticket #011
Message from 247: {"action":"ping","timestamp":1747676618918,"deviceId":"device_phgejwjr71aubjzk539fwd"}
Message from 250: {"action":"ping","timestamp":1747676622276,"deviceId":"device_5jkp5wcd88usk9ek6feh1"}
Message from 247: {"action":"ping","timestamp":1747676633937,"deviceId":"device_phgejwjr71aubjzk539fwd"}
Message from 250: {"action":"ping","timestamp":1747676637288,"deviceId":"device_5jkp5wcd88usk9ek6feh1"}
Connection 250 disconnected
Message from 247: {"action":"ping","timestamp":1747676648943,"deviceId":"device_phgejwjr71aubjzk539fwd"}
Message from 247: {"action":"ping","timestamp":1747676663947,"deviceId":"device_phgejwjr71aubjzk539fwd"}
Message from 247: {"action":"ping","timestamp":1747676678955,"deviceId":"device_phgejwjr71aubjzk539fwd"}
New connection: 254
Message from 254: {"action":"subscribe","ticketId":"#004","user":"fernando.barbosa@spintos.pt","deviceId":"device_5jkp5wcd88usk9ek6feh1"}
PHP Notice:  Indirect modification of overloaded property Ratchet\WebSocket\WsConnection::$ticketSubscriptions has no effect in C:\xampp\htdocs\infoexe\HelpDesk\ws-server.php on line 43

Notice: Indirect modification of overloaded property Ratchet\WebSocket\WsConnection::$ticketSubscriptions has no effect in C:\xampp\htdocs\infoexe\HelpDesk\ws-server.php on line 43
Client 254 subscribed to ticket #004
Message from 247: {"action":"ping","timestamp":1747676693968,"deviceId":"device_phgejwjr71aubjzk539fwd"}
Message from 254: {"action":"ping","timestamp":1747676698418,"deviceId":"device_5jkp5wcd88usk9ek6feh1"}
Message from 254: {"action":"ping","timestamp":1747676702074,"deviceId":"device_5jkp5wcd88usk9ek6feh1"}
Message from 247: {"action":"ping","timestamp":1747676708979,"deviceId":"device_phgejwjr71aubjzk539fwd"}
Message from 254: {"action":"ping","timestamp":1747676713415,"deviceId":"device_5jkp5wcd88usk9ek6feh1"}
Message from 247: {"action":"ping","timestamp":1747676723994,"deviceId":"device_phgejwjr71aubjzk539fwd"}
Message from 254: {"action":"ping","timestamp":1747676728416,"deviceId":"device_5jkp5wcd88usk9ek6feh1"}
Message from 247: {"action":"ping","timestamp":1747676738995,"deviceId":"device_phgejwjr71aubjzk539fwd"}
Message from 247: {"action":"ping","timestamp":1747676754010,"deviceId":"device_phgejwjr71aubjzk539fwd"}
Connection 254 disconnected
Message from 247: {"action":"ping","timestamp":1747676769020,"deviceId":"device_phgejwjr71aubjzk539fwd"}
Message from 247: {"action":"ping","timestamp":1747676784189,"deviceId":"device_phgejwjr71aubjzk539fwd"}
Message from 247: {"action":"ping","timestamp":1747676799342,"deviceId":"device_phgejwjr71aubjzk539fwd"}
New connection: 257
Message from 257: {"action":"subscribe","ticketId":"#004","user":"fernando.barbosa@spintos.pt","deviceId":"device_5jkp5wcd88usk9ek6feh1"}
PHP Notice:  Indirect modification of overloaded property Ratchet\WebSocket\WsConnection::$ticketSubscriptions has no effect in C:\xampp\htdocs\infoexe\HelpDesk\ws-server.php on line 43

Notice: Indirect modification of overloaded property Ratchet\WebSocket\WsConnection::$ticketSubscriptions has no effect in C:\xampp\htdocs\infoexe\HelpDesk\ws-server.php on line 43
Client 257 subscribed to ticket #004
Connection 257 disconnected
New connection: 260
Message from 260: {"action":"subscribe","ticketId":"#004","user":"fernando.barbosa@spintos.pt","deviceId":"device_5jkp5wcd88usk9ek6feh1"}
PHP Notice:  Indirect modification of overloaded property Ratchet\WebSocket\WsConnection::$ticketSubscriptions has no effect in C:\xampp\htdocs\infoexe\HelpDesk\ws-server.php on line 43

Notice: Indirect modification of overloaded property Ratchet\WebSocket\WsConnection::$ticketSubscriptions has no effect in C:\xampp\htdocs\infoexe\HelpDesk\ws-server.php on line 43
Client 260 subscribed to ticket #004
Message from 247: {"action":"ping","timestamp":1747676814582,"deviceId":"device_phgejwjr71aubjzk539fwd"}
Message from 260: {"action":"ping","timestamp":1747676820913,"deviceId":"device_5jkp5wcd88usk9ek6feh1"}
Message from 247: {"action":"ping","timestamp":1747676829725,"deviceId":"device_phgejwjr71aubjzk539fwd"}
Message from 260: {"action":"ping","timestamp":1747676835914,"deviceId":"device_5jkp5wcd88usk9ek6feh1"}
Message from 247: {"action":"ping","timestamp":1747676844985,"deviceId":"device_phgejwjr71aubjzk539fwd"}
Message from 260: {"action":"ping","timestamp":1747676850915,"deviceId":"device_5jkp5wcd88usk9ek6feh1"}
Message from 247: {"action":"ping","timestamp":1747676860149,"deviceId":"device_phgejwjr71aubjzk539fwd"}
Message from 260: {"action":"ping","timestamp":1747676865916,"deviceId":"device_5jkp5wcd88usk9ek6feh1"}
Message from 247: {"action":"ping","timestamp":1747676868760,"deviceId":"device_phgejwjr71aubjzk539fwd"}
Connection 247 disconnected
New connection: 263
Message from 263: {"action":"subscribe","ticketId":"#011","user":"fernando.barbosa@spintos.pt","deviceId":"device_phgejwjr71aubjzk539fwd"}
PHP Notice:  Indirect modification of overloaded property Ratchet\WebSocket\WsConnection::$ticketSubscriptions has no effect in C:\xampp\htdocs\infoexe\HelpDesk\ws-server.php on line 43

Notice: Indirect modification of overloaded property Ratchet\WebSocket\WsConnection::$ticketSubscriptions has no effect in C:\xampp\htdocs\infoexe\HelpDesk\ws-server.php on line 43
Client 263 subscribed to ticket #011
Connection 263 disconnected
New connection: 266
Message from 266: {"action":"subscribe","ticketId":"#011","user":"fernando.barbosa@spintos.pt","deviceId":"device_phgejwjr71aubjzk539fwd"}
PHP Notice:  Indirect modification of overloaded property Ratchet\WebSocket\WsConnection::$ticketSubscriptions has no effect in C:\xampp\htdocs\infoexe\HelpDesk\ws-server.php on line 43

Notice: Indirect modification of overloaded property Ratchet\WebSocket\WsConnection::$ticketSubscriptions has no effect in C:\xampp\htdocs\infoexe\HelpDesk\ws-server.php on line 43
Client 266 subscribed to ticket #011
Message from 260: {"action":"ping","timestamp":1747676880248,"deviceId":"device_5jkp5wcd88usk9ek6feh1"}
Message from 260: {"action":"ping","timestamp":1747676880917,"deviceId":"device_5jkp5wcd88usk9ek6feh1"}
Connection 260 disconnected
New connection: 269
Message from 269: {"action":"subscribe","ticketId":"#004","user":"fernando.barbosa@spintos.pt","deviceId":"device_5jkp5wcd88usk9ek6feh1"}
PHP Notice:  Indirect modification of overloaded property Ratchet\WebSocket\WsConnection::$ticketSubscriptions has no effect in C:\xampp\htdocs\infoexe\HelpDesk\ws-server.php on line 43

Notice: Indirect modification of overloaded property Ratchet\WebSocket\WsConnection::$ticketSubscriptions has no effect in C:\xampp\htdocs\infoexe\HelpDesk\ws-server.php on line 43
Client 269 subscribed to ticket #004
Message from 266: {"action":"ping","timestamp":1747676889037,"deviceId":"device_phgejwjr71aubjzk539fwd"}
Message from 269: {"action":"ping","timestamp":1747676900031,"deviceId":"device_5jkp5wcd88usk9ek6feh1"}
Message from 266: {"action":"ping","timestamp":1747676904062,"deviceId":"device_phgejwjr71aubjzk539fwd"}
Message from 269: {"action":"ping","timestamp":1747676915032,"deviceId":"device_5jkp5wcd88usk9ek6feh1"}
Message from 266: {"action":"ping","timestamp":1747676919062,"deviceId":"device_phgejwjr71aubjzk539fwd"}
Message from 269: {"action":"ping","timestamp":1747676930033,"deviceId":"device_5jkp5wcd88usk9ek6feh1"}
Message from 266: {"action":"ping","timestamp":1747676934456,"deviceId":"device_phgejwjr71aubjzk539fwd"}
Message from 269: {"action":"ping","timestamp":1747676945034,"deviceId":"device_5jkp5wcd88usk9ek6feh1"}
Message from 266: {"action":"ping","timestamp":1747676949723,"deviceId":"device_phgejwjr71aubjzk539fwd"}
Message from 266: {"action":"ping","timestamp":1747676964896,"deviceId":"device_phgejwjr71aubjzk539fwd"}
Connection 269 disconnected
Message from 266: {"action":"ping","timestamp":1747676980162,"deviceId":"device_phgejwjr71aubjzk539fwd"}
Message from 266: {"action":"ping","timestamp":1747676995319,"deviceId":"device_phgejwjr71aubjzk539fwd"}
Message from 266: {"action":"ping","timestamp":1747677010495,"deviceId":"device_phgejwjr71aubjzk539fwd"}
Message from 266: {"action":"ping","timestamp":1747677025751,"deviceId":"device_phgejwjr71aubjzk539fwd"}
Message from 266: {"action":"ping","timestamp":1747677040916,"deviceId":"device_phgejwjr71aubjzk539fwd"}
Message from 266: {"action":"ping","timestamp":1747677056089,"deviceId":"device_phgejwjr71aubjzk539fwd"}
Message from 266: {"action":"ping","timestamp":1747677071352,"deviceId":"device_phgejwjr71aubjzk539fwd"}
Message from 266: {"action":"ping","timestamp":1747677086515,"deviceId":"device_phgejwjr71aubjzk539fwd"}
Message from 266: {"action":"ping","timestamp":1747677101667,"deviceId":"device_phgejwjr71aubjzk539fwd"}
Message from 266: {"action":"ping","timestamp":1747677117042,"deviceId":"device_phgejwjr71aubjzk539fwd"}
Message from 266: {"action":"ping","timestamp":1747677130120,"deviceId":"device_phgejwjr71aubjzk539fwd"}
Message from 266: {"action":"ping","timestamp":1747677132048,"deviceId":"device_phgejwjr71aubjzk539fwd"}
Connection 266 disconnected
New connection: 272
Message from 272: {"action":"subscribe","ticketId":"#011","user":"fernando.barbosa@spintos.pt","deviceId":"device_phgejwjr71aubjzk539fwd"}
PHP Notice:  Indirect modification of overloaded property Ratchet\WebSocket\WsConnection::$ticketSubscriptions has no effect in C:\xampp\htdocs\infoexe\HelpDesk\ws-server.php on line 43

Notice: Indirect modification of overloaded property Ratchet\WebSocket\WsConnection::$ticketSubscriptions has no effect in C:\xampp\htdocs\infoexe\HelpDesk\ws-server.php on line 43
Client 272 subscribed to ticket #011
Connection 272 disconnected
New connection: 275
Message from 275: {"action":"subscribe","ticketId":"#011","user":"fernando.barbosa@spintos.pt","deviceId":"device_phgejwjr71aubjzk539fwd"}
PHP Notice:  Indirect modification of overloaded property Ratchet\WebSocket\WsConnection::$ticketSubscriptions has no effect in C:\xampp\htdocs\infoexe\HelpDesk\ws-server.php on line 43

Notice: Indirect modification of overloaded property Ratchet\WebSocket\WsConnection::$ticketSubscriptions has no effect in C:\xampp\htdocs\infoexe\HelpDesk\ws-server.php on line 43
Client 275 subscribed to ticket #011
Message from 275: {"action":"ping","timestamp":1747677153620,"deviceId":"device_phgejwjr71aubjzk539fwd"}
Message from 275: {"action":"ping","timestamp":1747677168631,"deviceId":"device_phgejwjr71aubjzk539fwd"}
Message from 275: {"action":"ping","timestamp":1747677183636,"deviceId":"device_phgejwjr71aubjzk539fwd"}
Connection 275 disconnected
New connection: 278
Message from 278: {"action":"subscribe","ticketId":"#011","user":"fernando.barbosa@spintos.pt","deviceId":"device_phgejwjr71aubjzk539fwd"}
PHP Notice:  Indirect modification of overloaded property Ratchet\WebSocket\WsConnection::$ticketSubscriptions has no effect in C:\xampp\htdocs\infoexe\HelpDesk\ws-server.php on line 43

Notice: Indirect modification of overloaded property Ratchet\WebSocket\WsConnection::$ticketSubscriptions has no effect in C:\xampp\htdocs\infoexe\HelpDesk\ws-server.php on line 43
Client 278 subscribed to ticket #011
Connection 278 disconnected
New connection: 281
Message from 281: {"action":"subscribe","ticketId":"#011","user":"fernando.barbosa@spintos.pt","deviceId":"device_phgejwjr71aubjzk539fwd"}
PHP Notice:  Indirect modification of overloaded property Ratchet\WebSocket\WsConnection::$ticketSubscriptions has no effect in C:\xampp\htdocs\infoexe\HelpDesk\ws-server.php on line 43

Notice: Indirect modification of overloaded property Ratchet\WebSocket\WsConnection::$ticketSubscriptions has no effect in C:\xampp\htdocs\infoexe\HelpDesk\ws-server.php on line 43
Client 281 subscribed to ticket #011
Connection 281 disconnected
New connection: 284
Message from 284: {"action":"subscribe","ticketId":"#004","user":"fernando.barbosa@spintos.pt","deviceId":"device_phgejwjr71aubjzk539fwd"}
PHP Notice:  Indirect modification of overloaded property Ratchet\WebSocket\WsConnection::$ticketSubscriptions has no effect in C:\xampp\htdocs\infoexe\HelpDesk\ws-server.php on line 43

Notice: Indirect modification of overloaded property Ratchet\WebSocket\WsConnection::$ticketSubscriptions has no effect in C:\xampp\htdocs\infoexe\HelpDesk\ws-server.php on line 43
Client 284 subscribed to ticket #004
New connection: 287
Message from 287: {"action":"subscribe","ticketId":"#004","user":"fernando.barbosa@spintos.pt","deviceId":"device_5jkp5wcd88usk9ek6feh1"}
PHP Notice:  Indirect modification of overloaded property Ratchet\WebSocket\WsConnection::$ticketSubscriptions has no effect in C:\xampp\htdocs\infoexe\HelpDesk\ws-server.php on line 43

Notice: Indirect modification of overloaded property Ratchet\WebSocket\WsConnection::$ticketSubscriptions has no effect in C:\xampp\htdocs\infoexe\HelpDesk\ws-server.php on line 43
Client 287 subscribed to ticket #004
Message from 284: {"action":"ping","timestamp":1747677222808,"deviceId":"device_phgejwjr71aubjzk539fwd"}
Message from 287: {"action":"ping","timestamp":1747677230048,"deviceId":"device_5jkp5wcd88usk9ek6feh1"}
Message from 284: {"action":"ping","timestamp":1747677237830,"deviceId":"device_phgejwjr71aubjzk539fwd"}
Message from 287: {"action":"ping","timestamp":1747677245078,"deviceId":"device_5jkp5wcd88usk9ek6feh1"}
Message from 284: {"action":"ping","timestamp":1747677252843,"deviceId":"device_phgejwjr71aubjzk539fwd"}
Message from 287: {"action":"ping","timestamp":1747677260107,"deviceId":"device_5jkp5wcd88usk9ek6feh1"}
Connection 284 disconnected
Message from 287: {"action":"ping","timestamp":1747677275138,"deviceId":"device_5jkp5wcd88usk9ek6feh1"}
Message from 287: {"action":"ping","timestamp":1747677290168,"deviceId":"device_5jkp5wcd88usk9ek6feh1"}
Connection 287 disconnected
New connection: 290
Message from 290: {"action":"subscribe","ticketId":"#004","deviceId":"device_phgejwjr71aubjzk539fwd"}
PHP Notice:  Indirect modification of overloaded property Ratchet\WebSocket\WsConnection::$ticketSubscriptions has no effect in C:\xampp\htdocs\infoexe\HelpDesk\ws-server.php on line 43

Notice: Indirect modification of overloaded property Ratchet\WebSocket\WsConnection::$ticketSubscriptions has no effect in C:\xampp\htdocs\infoexe\HelpDesk\ws-server.php on line 43
Client 290 subscribed to ticket #004
Connection 290 disconnected
New connection: 293
Message from 293: {"action":"subscribe","ticketId":"#011","deviceId":"device_phgejwjr71aubjzk539fwd"}
PHP Notice:  Indirect modification of overloaded property Ratchet\WebSocket\WsConnection::$ticketSubscriptions has no effect in C:\xampp\htdocs\infoexe\HelpDesk\ws-server.php on line 43

Notice: Indirect modification of overloaded property Ratchet\WebSocket\WsConnection::$ticketSubscriptions has no effect in C:\xampp\htdocs\infoexe\HelpDesk\ws-server.php on line 43
Client 293 subscribed to ticket #011
Connection 293 disconnected
New connection: 296
Message from 296: {"action":"subscribe","ticketId":"#011","deviceId":"device_312ti42lhzg824bquwc2dt"}
PHP Notice:  Indirect modification of overloaded property Ratchet\WebSocket\WsConnection::$ticketSubscriptions has no effect in C:\xampp\htdocs\infoexe\HelpDesk\ws-server.php on line 43

Notice: Indirect modification of overloaded property Ratchet\WebSocket\WsConnection::$ticketSubscriptions has no effect in C:\xampp\htdocs\infoexe\HelpDesk\ws-server.php on line 43
Client 296 subscribed to ticket #011
New connection: 299
Message from 299: {"action":"subscribe","ticketId":"#011","deviceId":"device_phgejwjr71aubjzk539fwd"}
PHP Notice:  Indirect modification of overloaded property Ratchet\WebSocket\WsConnection::$ticketSubscriptions has no effect in C:\xampp\htdocs\infoexe\HelpDesk\ws-server.php on line 43

Notice: Indirect modification of overloaded property Ratchet\WebSocket\WsConnection::$ticketSubscriptions has no effect in C:\xampp\htdocs\infoexe\HelpDesk\ws-server.php on line 43
Client 299 subscribed to ticket #011
Message from 296: {"action":"newMessage","ticketId":"#011","message":{"Message":"tamos a dar","user":"fernando.barbosa@spintos.pt","type":1,"CommentTime":"2025-05-19T19:54:37.336Z","deviceId":"device_312ti42lhzg824bquwc2dt","messageId":"msg_1747684477336"},"deviceId":"device_312ti42lhzg824bquwc2dt"}
Broadcasting to ticket #011, clients: 34
Message from 296: {"action":"newMessage","ticketId":"#011","message":{"Message":"finalment","user":"fernando.barbosa@spintos.pt","type":1,"CommentTime":"2025-05-19T19:54:50.809Z","deviceId":"device_312ti42lhzg824bquwc2dt","messageId":"msg_1747684490809"},"deviceId":"device_312ti42lhzg824bquwc2dt"}
Broadcasting to ticket #011, clients: 34
Message from 296: {"action":"ping","deviceId":"device_312ti42lhzg824bquwc2dt","timestamp":1747684493697}
Message from 299: {"action":"ping","deviceId":"device_phgejwjr71aubjzk539fwd","timestamp":1747684501384}
Message from 299: {"action":"newMessage","ticketId":"#011","message":{"Message":"ta mm a dar??","user":"fernando.barbosa@spintos.pt","type":1,"CommentTime":"2025-05-19T19:55:03.804Z","deviceId":"device_phgejwjr71aubjzk539fwd","messageId":"msg_1747684503804"},"deviceId":"device_phgejwjr71aubjzk539fwd"}
Broadcasting to ticket #011, clients: 34
Message from 296: {"action":"ping","deviceId":"device_312ti42lhzg824bquwc2dt","timestamp":1747684523698}
Message from 299: {"action":"ping","deviceId":"device_phgejwjr71aubjzk539fwd","timestamp":1747684531396}
Message from 296: {"action":"ping","deviceId":"device_312ti42lhzg824bquwc2dt","timestamp":1747684558106}
Message from 299: {"action":"ping","deviceId":"device_phgejwjr71aubjzk539fwd","timestamp":1747684561410}
Message from 299: {"action":"newMessage","ticketId":"#011","message":{"Message":"olo","user":"fernando.barbosa@spintos.pt","type":1,"CommentTime":"2025-05-19T19:56:24.930Z","deviceId":"device_phgejwjr71aubjzk539fwd","messageId":"msg_1747684584930"},"deviceId":"device_phgejwjr71aubjzk539fwd"}
Broadcasting to ticket #011, clients: 34
Message from 296: {"action":"ping","deviceId":"device_312ti42lhzg824bquwc2dt","timestamp":1747684588106}
Message from 296: {"action":"newMessage","ticketId":"#011","message":{"Message":"olaaa","user":"fernando.barbosa@spintos.pt","type":1,"CommentTime":"2025-05-19T19:56:31.195Z","deviceId":"device_312ti42lhzg824bquwc2dt","messageId":"msg_1747684591195"},"deviceId":"device_312ti42lhzg824bquwc2dt"}
Broadcasting to ticket #011, clients: 34
Message from 299: {"action":"ping","deviceId":"device_phgejwjr71aubjzk539fwd","timestamp":1747684591411}
Message from 296: {"action":"ping","deviceId":"device_312ti42lhzg824bquwc2dt","timestamp":1747684618107}
Message from 299: {"action":"ping","deviceId":"device_phgejwjr71aubjzk539fwd","timestamp":1747684621420}
Message from 296: {"action":"ping","deviceId":"device_312ti42lhzg824bquwc2dt","timestamp":1747684648108}
Message from 299: {"action":"ping","deviceId":"device_phgejwjr71aubjzk539fwd","timestamp":1747684651429}
Connection 299 disconnected
Connection 296 disconnected
New connection: 302
Message from 302: {"action":"subscribe","ticketId":"#010","deviceId":"device_phgejwjr71aubjzk539fwd"}
PHP Notice:  Indirect modification of overloaded property Ratchet\WebSocket\WsConnection::$ticketSubscriptions has no effect in C:\xampp\htdocs\infoexe\HelpDesk\ws-server.php on line 43

Notice: Indirect modification of overloaded property Ratchet\WebSocket\WsConnection::$ticketSubscriptions has no effect in C:\xampp\htdocs\infoexe\HelpDesk\ws-server.php on line 43
Client 302 subscribed to ticket #010
Message from 302: {"action":"ping","deviceId":"device_phgejwjr71aubjzk539fwd","timestamp":1747684719754}
Message from 302: {"action":"ping","deviceId":"device_phgejwjr71aubjzk539fwd","timestamp":1747684750085}
Message from 302: {"action":"ping","deviceId":"device_phgejwjr71aubjzk539fwd","timestamp":1747684780315}
Message from 302: {"action":"ping","deviceId":"device_phgejwjr71aubjzk539fwd","timestamp":1747684810512}
Message from 302: {"action":"ping","deviceId":"device_phgejwjr71aubjzk539fwd","timestamp":1747684840794}
Message from 302: {"action":"ping","deviceId":"device_phgejwjr71aubjzk539fwd","timestamp":1747684870802}
Message from 302: {"action":"ping","deviceId":"device_phgejwjr71aubjzk539fwd","timestamp":1747684900811}
Message from 302: {"action":"ping","deviceId":"device_phgejwjr71aubjzk539fwd","timestamp":1747684931275}
Message from 302: {"action":"ping","deviceId":"device_phgejwjr71aubjzk539fwd","timestamp":1747684961824}
Message from 302: {"action":"ping","deviceId":"device_phgejwjr71aubjzk539fwd","timestamp":1747684992594}
Message from 302: {"action":"ping","deviceId":"device_phgejwjr71aubjzk539fwd","timestamp":1747685022842}
Message from 302: {"action":"ping","deviceId":"device_phgejwjr71aubjzk539fwd","timestamp":1747685053533}
Message from 302: {"action":"ping","deviceId":"device_phgejwjr71aubjzk539fwd","timestamp":1747685084281}
Message from 302: {"action":"ping","deviceId":"device_phgejwjr71aubjzk539fwd","timestamp":1747685114443}
Message from 302: {"action":"ping","deviceId":"device_phgejwjr71aubjzk539fwd","timestamp":1747685145166}
Message from 302: {"action":"ping","deviceId":"device_phgejwjr71aubjzk539fwd","timestamp":1747685175292}
Connection 302 disconnected
New connection: 305
Message from 305: {"action":"subscribe","ticketId":"#004","deviceId":"device_phgejwjr71aubjzk539fwd"}
PHP Notice:  Indirect modification of overloaded property Ratchet\WebSocket\WsConnection::$ticketSubscriptions has no effect in C:\xampp\htdocs\infoexe\HelpDesk\ws-server.php on line 43

Notice: Indirect modification of overloaded property Ratchet\WebSocket\WsConnection::$ticketSubscriptions has no effect in C:\xampp\htdocs\infoexe\HelpDesk\ws-server.php on line 43
Client 305 subscribed to ticket #004
Message from 305: {"action":"ping","deviceId":"device_phgejwjr71aubjzk539fwd","timestamp":1747685332088}
Connection 305 disconnected
New connection: 308
Message from 308: {"action":"subscribe","ticketId":"#004","deviceId":"device_phgejwjr71aubjzk539fwd"}
PHP Notice:  Indirect modification of overloaded property Ratchet\WebSocket\WsConnection::$ticketSubscriptions has no effect in C:\xampp\htdocs\infoexe\HelpDesk\ws-server.php on line 43

Notice: Indirect modification of overloaded property Ratchet\WebSocket\WsConnection::$ticketSubscriptions has no effect in C:\xampp\htdocs\infoexe\HelpDesk\ws-server.php on line 43
Client 308 subscribed to ticket #004
Connection 308 disconnected
New connection: 311
Message from 311: {"action":"subscribe","ticketId":"#004","deviceId":"device_phgejwjr71aubjzk539fwd"}
PHP Notice:  Indirect modification of overloaded property Ratchet\WebSocket\WsConnection::$ticketSubscriptions has no effect in C:\xampp\htdocs\infoexe\HelpDesk\ws-server.php on line 43

Notice: Indirect modification of overloaded property Ratchet\WebSocket\WsConnection::$ticketSubscriptions has no effect in C:\xampp\htdocs\infoexe\HelpDesk\ws-server.php on line 43
Client 311 subscribed to ticket #004
Message from 311: {"action":"ping","deviceId":"device_phgejwjr71aubjzk539fwd","timestamp":1747685421551}
Message from 311: {"action":"ping","deviceId":"device_phgejwjr71aubjzk539fwd","timestamp":1747685451837}
Message from 311: {"action":"ping","deviceId":"device_phgejwjr71aubjzk539fwd","timestamp":1747685482204}
Connection 311 disconnected
New connection: 314
Message from 314: {"action":"subscribe","ticketId":"#001","deviceId":"device_phgejwjr71aubjzk539fwd"}
PHP Notice:  Indirect modification of overloaded property Ratchet\WebSocket\WsConnection::$ticketSubscriptions has no effect in C:\xampp\htdocs\infoexe\HelpDesk\ws-server.php on line 43

Notice: Indirect modification of overloaded property Ratchet\WebSocket\WsConnection::$ticketSubscriptions has no effect in C:\xampp\htdocs\infoexe\HelpDesk\ws-server.php on line 43
Client 314 subscribed to ticket #001
Message from 314: {"action":"ping","deviceId":"device_phgejwjr71aubjzk539fwd","timestamp":1747685539646}
Message from 314: {"action":"ping","deviceId":"device_phgejwjr71aubjzk539fwd","timestamp":1747685569915}
Message from 314: {"action":"ping","deviceId":"device_phgejwjr71aubjzk539fwd","timestamp":1747685600192}
Message from 314: {"action":"ping","deviceId":"device_phgejwjr71aubjzk539fwd","timestamp":1747685630638}
Connection 314 disconnected
New connection: 317
Message from 317: {"action":"subscribe","ticketId":"#004","deviceId":"device_phgejwjr71aubjzk539fwd"}
PHP Notice:  Indirect modification of overloaded property Ratchet\WebSocket\WsConnection::$ticketSubscriptions has no effect in C:\xampp\htdocs\infoexe\HelpDesk\ws-server.php on line 43

Notice: Indirect modification of overloaded property Ratchet\WebSocket\WsConnection::$ticketSubscriptions has no effect in C:\xampp\htdocs\infoexe\HelpDesk\ws-server.php on line 43
Client 317 subscribed to ticket #004
Message from 317: {"action":"ping","deviceId":"device_phgejwjr71aubjzk539fwd","timestamp":1747685717245}
Connection 317 disconnected
New connection: 320
Message from 320: {"action":"subscribe","ticketId":"#011","deviceId":"device_phgejwjr71aubjzk539fwd"}
PHP Notice:  Indirect modification of overloaded property Ratchet\WebSocket\WsConnection::$ticketSubscriptions has no effect in C:\xampp\htdocs\infoexe\HelpDesk\ws-server.php on line 43

Notice: Indirect modification of overloaded property Ratchet\WebSocket\WsConnection::$ticketSubscriptions has no effect in C:\xampp\htdocs\infoexe\HelpDesk\ws-server.php on line 43
Client 320 subscribed to ticket #011
Message from 320: {"action":"ping","deviceId":"device_phgejwjr71aubjzk539fwd","timestamp":1747685815397}
Message from 320: {"action":"ping","deviceId":"device_phgejwjr71aubjzk539fwd","timestamp":1747685845779}
Message from 320: {"action":"ping","deviceId":"device_phgejwjr71aubjzk539fwd","timestamp":1747685876117}
Message from 320: {"action":"ping","deviceId":"device_phgejwjr71aubjzk539fwd","timestamp":1747685906430}
Message from 320: {"action":"ping","deviceId":"device_phgejwjr71aubjzk539fwd","timestamp":1747685936732}
Connection 320 disconnected
New connection: 323
Message from 323: {"action":"subscribe","ticketId":"#011","deviceId":"device_phgejwjr71aubjzk539fwd"}
PHP Notice:  Indirect modification of overloaded property Ratchet\WebSocket\WsConnection::$ticketSubscriptions has no effect in C:\xampp\htdocs\infoexe\HelpDesk\ws-server.php on line 43

Notice: Indirect modification of overloaded property Ratchet\WebSocket\WsConnection::$ticketSubscriptions has no effect in C:\xampp\htdocs\infoexe\HelpDesk\ws-server.php on line 43
Client 323 subscribed to ticket #011
Message from 323: {"action":"ping","deviceId":"device_phgejwjr71aubjzk539fwd","timestamp":1747685996115}
Connection 323 disconnected
New connection: 326
Message from 326: {"action":"subscribe","ticketId":"#011","deviceId":"device_phgejwjr71aubjzk539fwd"}
PHP Notice:  Indirect modification of overloaded property Ratchet\WebSocket\WsConnection::$ticketSubscriptions has no effect in C:\xampp\htdocs\infoexe\HelpDesk\ws-server.php on line 43

Notice: Indirect modification of overloaded property Ratchet\WebSocket\WsConnection::$ticketSubscriptions has no effect in C:\xampp\htdocs\infoexe\HelpDesk\ws-server.php on line 43
Client 326 subscribed to ticket #011
Message from 326: {"action":"ping","deviceId":"device_phgejwjr71aubjzk539fwd","timestamp":1747686056232}
Connection 326 disconnected
New connection: 329
Message from 329: {"action":"subscribe","ticketId":"#011","deviceId":"device_phgejwjr71aubjzk539fwd"}
PHP Notice:  Indirect modification of overloaded property Ratchet\WebSocket\WsConnection::$ticketSubscriptions has no effect in C:\xampp\htdocs\infoexe\HelpDesk\ws-server.php on line 43

Notice: Indirect modification of overloaded property Ratchet\WebSocket\WsConnection::$ticketSubscriptions has no effect in C:\xampp\htdocs\infoexe\HelpDesk\ws-server.php on line 43
Client 329 subscribed to ticket #011
Connection 329 disconnected
New connection: 332
Message from 332: {"action":"subscribe","ticketId":"#010","deviceId":"device_phgejwjr71aubjzk539fwd"}
PHP Notice:  Indirect modification of overloaded property Ratchet\WebSocket\WsConnection::$ticketSubscriptions has no effect in C:\xampp\htdocs\infoexe\HelpDesk\ws-server.php on line 43

Notice: Indirect modification of overloaded property Ratchet\WebSocket\WsConnection::$ticketSubscriptions has no effect in C:\xampp\htdocs\infoexe\HelpDesk\ws-server.php on line 43
Client 332 subscribed to ticket #010
Connection 332 disconnected
New connection: 335
Message from 335: {"action":"subscribe","ticketId":"#004","deviceId":"device_phgejwjr71aubjzk539fwd"}
PHP Notice:  Indirect modification of overloaded property Ratchet\WebSocket\WsConnection::$ticketSubscriptions has no effect in C:\xampp\htdocs\infoexe\HelpDesk\ws-server.php on line 43

Notice: Indirect modification of overloaded property Ratchet\WebSocket\WsConnection::$ticketSubscriptions has no effect in C:\xampp\htdocs\infoexe\HelpDesk\ws-server.php on line 43
Client 335 subscribed to ticket #004
Message from 335: {"action":"ping","deviceId":"device_phgejwjr71aubjzk539fwd","timestamp":1747686183149}
Message from 335: {"action":"ping","deviceId":"device_phgejwjr71aubjzk539fwd","timestamp":1747686213447}
Connection 335 disconnected
New connection: 338
Message from 338: {"action":"subscribe","ticketId":"#004","deviceId":"device_phgejwjr71aubjzk539fwd"}
PHP Notice:  Indirect modification of overloaded property Ratchet\WebSocket\WsConnection::$ticketSubscriptions has no effect in C:\xampp\htdocs\infoexe\HelpDesk\ws-server.php on line 43

Notice: Indirect modification of overloaded property Ratchet\WebSocket\WsConnection::$ticketSubscriptions has no effect in C:\xampp\htdocs\infoexe\HelpDesk\ws-server.php on line 43
Client 338 subscribed to ticket #004
Message from 338: {"action":"ping","deviceId":"device_phgejwjr71aubjzk539fwd","timestamp":1747686294284}
Message from 338: {"action":"ping","deviceId":"device_phgejwjr71aubjzk539fwd","timestamp":1747686324584}
Message from 338: {"action":"ping","deviceId":"device_phgejwjr71aubjzk539fwd","timestamp":1747686354656}
Message from 338: {"action":"ping","deviceId":"device_phgejwjr71aubjzk539fwd","timestamp":1747686385039}
Message from 338: {"action":"ping","deviceId":"device_phgejwjr71aubjzk539fwd","timestamp":1747686415366}
Message from 338: {"action":"ping","deviceId":"device_phgejwjr71aubjzk539fwd","timestamp":1747686445690}
Message from 338: {"action":"ping","deviceId":"device_phgejwjr71aubjzk539fwd","timestamp":1747686476006}
Message from 338: {"action":"ping","deviceId":"device_phgejwjr71aubjzk539fwd","timestamp":1747686506314}
Message from 338: {"action":"ping","deviceId":"device_phgejwjr71aubjzk539fwd","timestamp":1747686536601}
Message from 338: {"action":"ping","deviceId":"device_phgejwjr71aubjzk539fwd","timestamp":1747686566881}
Message from 338: {"action":"ping","deviceId":"device_phgejwjr71aubjzk539fwd","timestamp":1747686597243}
Message from 338: {"action":"ping","deviceId":"device_phgejwjr71aubjzk539fwd","timestamp":1747686627704}
Message from 338: {"action":"ping","deviceId":"device_phgejwjr71aubjzk539fwd","timestamp":1747686658069}
Message from 338: {"action":"ping","deviceId":"device_phgejwjr71aubjzk539fwd","timestamp":1747686688576}
Message from 338: {"action":"ping","deviceId":"device_phgejwjr71aubjzk539fwd","timestamp":1747686719017}
Message from 338: {"action":"ping","deviceId":"device_phgejwjr71aubjzk539fwd","timestamp":1747686749353}
Message from 338: {"action":"ping","deviceId":"device_phgejwjr71aubjzk539fwd","timestamp":1747686779658}
Message from 338: {"action":"ping","deviceId":"device_phgejwjr71aubjzk539fwd","timestamp":1747686809957}
Message from 338: {"action":"ping","deviceId":"device_phgejwjr71aubjzk539fwd","timestamp":1747686840287}
Message from 338: {"action":"ping","deviceId":"device_phgejwjr71aubjzk539fwd","timestamp":1747686870607}
Message from 338: {"action":"ping","deviceId":"device_phgejwjr71aubjzk539fwd","timestamp":1747686900896}
Message from 338: {"action":"ping","deviceId":"device_phgejwjr71aubjzk539fwd","timestamp":1747686931236}
Message from 338: {"action":"ping","deviceId":"device_phgejwjr71aubjzk539fwd","timestamp":1747686961568}
Message from 338: {"action":"ping","deviceId":"device_phgejwjr71aubjzk539fwd","timestamp":1747686992154}
Message from 338: {"action":"ping","deviceId":"device_phgejwjr71aubjzk539fwd","timestamp":1747687022477}
Message from 338: {"action":"ping","deviceId":"device_phgejwjr71aubjzk539fwd","timestamp":1747687052828}
Message from 338: {"action":"ping","deviceId":"device_phgejwjr71aubjzk539fwd","timestamp":1747687083145}
Connection 338 disconnected
New connection: 341
Message from 341: {"action":"subscribe","ticketId":"#004","deviceId":"device_phgejwjr71aubjzk539fwd"}
PHP Notice:  Indirect modification of overloaded property Ratchet\WebSocket\WsConnection::$ticketSubscriptions has no effect in C:\xampp\htdocs\infoexe\HelpDesk\ws-server.php on line 43

Notice: Indirect modification of overloaded property Ratchet\WebSocket\WsConnection::$ticketSubscriptions has no effect in C:\xampp\htdocs\infoexe\HelpDesk\ws-server.php on line 43
Client 341 subscribed to ticket #004
Connection 341 disconnected
New connection: 344
Message from 344: {"action":"subscribe","ticketId":"#004","deviceId":"device_phgejwjr71aubjzk539fwd"}
PHP Notice:  Indirect modification of overloaded property Ratchet\WebSocket\WsConnection::$ticketSubscriptions has no effect in C:\xampp\htdocs\infoexe\HelpDesk\ws-server.php on line 43

Notice: Indirect modification of overloaded property Ratchet\WebSocket\WsConnection::$ticketSubscriptions has no effect in C:\xampp\htdocs\infoexe\HelpDesk\ws-server.php on line 43
Client 344 subscribed to ticket #004
Message from 344: {"action":"ping","deviceId":"device_phgejwjr71aubjzk539fwd","timestamp":1747687134698}
Message from 344: {"action":"ping","deviceId":"device_phgejwjr71aubjzk539fwd","timestamp":1747687164710}
Message from 344: {"action":"ping","deviceId":"device_phgejwjr71aubjzk539fwd","timestamp":1747687194714}
Message from 344: {"action":"ping","deviceId":"device_phgejwjr71aubjzk539fwd","timestamp":1747687224722}
Message from 344: {"action":"ping","deviceId":"device_phgejwjr71aubjzk539fwd","timestamp":1747687254735}
Message from 344: {"action":"ping","deviceId":"device_phgejwjr71aubjzk539fwd","timestamp":1747687284745}
Message from 344: {"action":"ping","deviceId":"device_phgejwjr71aubjzk539fwd","timestamp":1747687314754}
Message from 344: {"action":"ping","deviceId":"device_phgejwjr71aubjzk539fwd","timestamp":1747687344768}
Message from 344: {"action":"ping","deviceId":"device_phgejwjr71aubjzk539fwd","timestamp":1747687374771}
Message from 344: {"action":"ping","deviceId":"device_phgejwjr71aubjzk539fwd","timestamp":1747687404785}
